17/03/24 15:14:09 - DEBUG - urllib3.connectionpool - [_new_conn]: Starting new HTTPS connection (1): raw.githubusercontent.com:443
17/03/24 15:14:10 - DEBUG - urllib3.connectionpool - [_make_request]: https://raw.githubusercontent.com:443 "GET /rdavydov/Twitch-Channel-Points-Miner-v2/master/TwitchChannelPointsMiner/__init__.py HTTP/1.1" 200 125
17/03/24 15:14:10 - INFO - TwitchChannelPointsMiner.TwitchChannelPointsMiner - [__init__]: Twitch Channel Points Miner v2-1.9.1 (fork by rdavydov)
17/03/24 15:14:10 - INFO - TwitchChannelPointsMiner.TwitchChannelPointsMiner - [__init__]: https://github.com/rdavydov/Twitch-Channel-Points-Miner-v2
17/03/24 15:14:10 - INFO - TwitchChannelPointsMiner.TwitchChannelPointsMiner - [__init__]: You are running version 1.9.1 of this script
17/03/24 15:14:10 - INFO - TwitchChannelPointsMiner.TwitchChannelPointsMiner - [__init__]: The latest version on GitHub is 1.9.4
17/03/24 15:14:10 - INFO - TwitchChannelPointsMiner.TwitchChannelPointsMiner - [run]: Start session: 'e3bdd217-6892-4cc8-9b1b-671f2ce3a4b9'
17/03/24 15:14:10 - INFO - TwitchChannelPointsMiner.classes.TwitchLogin - [login_flow]: You'll have to login to Twitch!
17/03/24 15:14:10 - INFO - TwitchChannelPointsMiner.classes.TwitchLogin - [login_flow]: Trying the TV login method..
17/03/24 15:14:10 - DEBUG - urllib3.connectionpool - [_new_conn]: Starting new HTTPS connection (1): id.twitch.tv:443
17/03/24 15:14:12 - DEBUG - urllib3.connectionpool - [_make_request]: https://id.twitch.tv:443 "POST /oauth2/device HTTP/1.1" 200 164
17/03/24 15:14:12 - INFO - TwitchChannelPointsMiner.classes.TwitchLogin - [login_flow]: Open https://www.twitch.tv/activate
17/03/24 15:14:12 - INFO - TwitchChannelPointsMiner.classes.TwitchLogin - [login_flow]: and enter this code: DDJDZKWL
17/03/24 15:14:12 - INFO - TwitchChannelPointsMiner.classes.TwitchLogin - [login_flow]: Hurry up! It will expire in 30 minutes!
17/03/24 15:14:17 - DEBUG - urllib3.connectionpool - [_make_request]: https://id.twitch.tv:443 "POST /oauth2/token HTTP/1.1" 400 49
17/03/24 15:14:22 - DEBUG - urllib3.connectionpool - [_make_request]: https://id.twitch.tv:443 "POST /oauth2/token HTTP/1.1" 400 49
17/03/24 15:14:27 - DEBUG - urllib3.connectionpool - [_make_request]: https://id.twitch.tv:443 "POST /oauth2/token HTTP/1.1" 400 49
17/03/24 15:14:32 - DEBUG - urllib3.connectionpool - [_make_request]: https://id.twitch.tv:443 "POST /oauth2/token HTTP/1.1" 400 49
17/03/24 15:14:38 - DEBUG - urllib3.connectionpool - [_make_request]: https://id.twitch.tv:443 "POST /oauth2/token HTTP/1.1" 400 49
17/03/24 15:14:43 - DEBUG - urllib3.connectionpool - [_make_request]: https://id.twitch.tv:443 "POST /oauth2/token HTTP/1.1" 200 248
17/03/24 15:14:43 - DEBUG - urllib3.connectionpool - [_new_conn]: Starting new HTTPS connection (1): gql.twitch.tv:443
17/03/24 15:14:44 - DEBUG - urllib3.connectionpool - [_make_request]: https://gql.twitch.tv:443 "POST /gql HTTP/1.1" 200 205
17/03/24 15:14:44 - INFO - TwitchChannelPointsMiner.classes.TwitchLogin - [save_cookies]: Saving cookies to your computer..
17/03/24 15:14:44 - INFO - TwitchChannelPointsMiner.TwitchChannelPointsMiner - [run]: Loading data for 7 streamers. Please wait...
17/03/24 15:14:44 - DEBUG - urllib3.connectionpool - [_new_conn]: Starting new HTTPS connection (1): www.twitch.tv:443
17/03/24 15:14:45 - DEBUG - urllib3.connectionpool - [_make_request]: https://www.twitch.tv:443 "GET / HTTP/1.1" 200 None
17/03/24 15:14:45 - DEBUG - TwitchChannelPointsMiner.classes.Twitch - [update_client_version]: Client version: ea2ef98f-c7d6-49fc-b8ee-7130a1ddbe6d
17/03/24 15:14:45 - DEBUG - urllib3.connectionpool - [_new_conn]: Starting new HTTPS connection (1): gql.twitch.tv:443
17/03/24 15:14:46 - DEBUG - urllib3.connectionpool - [_make_request]: https://gql.twitch.tv:443 "POST /gql HTTP/1.1" 200 203
17/03/24 15:14:46 - DEBUG - TwitchChannelPointsMiner.classes.Twitch - [post_gql_request]: Data: {'operationName': 'ReportMenuItem', 'extensions': {'persistedQuery': {'version': 1, 'sha256Hash': '8f3628981255345ca5e5453dfd844efffb01d6413a9931498836e6268692a30c'}}, 'variables': {'channelLogin': 'pimpcs'}}, Status code: 200, Content: {"data":{"requestInfo":{"countryCode":"US","__typename":"RequestInfo"},"user":{"id":"37799181","stream":null,"__typename":"User"}},"extensions":{"durationMilliseconds":43,"operationName":"ReportMenuItem","requestID":"01HS6XCXAC5X2FXDSM17676K47"}}
17/03/24 15:14:47 - DEBUG - urllib3.connectionpool - [_new_conn]: Starting new HTTPS connection (1): www.twitch.tv:443
17/03/24 15:14:48 - DEBUG - urllib3.connectionpool - [_make_request]: https://www.twitch.tv:443 "GET / HTTP/1.1" 200 None
17/03/24 15:14:48 - DEBUG - TwitchChannelPointsMiner.classes.Twitch - [update_client_version]: Client version: ea2ef98f-c7d6-49fc-b8ee-7130a1ddbe6d
17/03/24 15:14:48 - DEBUG - urllib3.connectionpool - [_new_conn]: Starting new HTTPS connection (1): gql.twitch.tv:443
17/03/24 15:14:49 - DEBUG - urllib3.connectionpool - [_make_request]: https://gql.twitch.tv:443 "POST /gql HTTP/1.1" 200 243
17/03/24 15:14:49 - DEBUG - TwitchChannelPointsMiner.classes.Twitch - [post_gql_request]: Data: {'operationName': 'ReportMenuItem', 'extensions': {'persistedQuery': {'version': 1, 'sha256Hash': '8f3628981255345ca5e5453dfd844efffb01d6413a9931498836e6268692a30c'}}, 'variables': {'channelLogin': 'lobanjicaa'}}, Status code: 200, Content: {"data":{"requestInfo":{"countryCode":"US","__typename":"RequestInfo"},"user":{"id":"126902046","stream":{"id":"42082834232","createdAt":"2024-03-17T17:20:17Z","__typename":"Stream"},"__typename":"User"}},"extensions":{"durationMilliseconds":39,"operationName":"ReportMenuItem","requestID":"01HS6XCZX2VF2F6CMPYPAJ2YAX"}}
17/03/24 15:14:49 - DEBUG - urllib3.connectionpool - [_new_conn]: Starting new HTTPS connection (1): www.twitch.tv:443
17/03/24 15:14:50 - DEBUG - urllib3.connectionpool - [_make_request]: https://www.twitch.tv:443 "GET / HTTP/1.1" 200 None
17/03/24 15:14:51 - DEBUG - TwitchChannelPointsMiner.classes.Twitch - [update_client_version]: Client version: ea2ef98f-c7d6-49fc-b8ee-7130a1ddbe6d
17/03/24 15:14:51 - DEBUG - urllib3.connectionpool - [_new_conn]: Starting new HTTPS connection (1): gql.twitch.tv:443
17/03/24 15:14:52 - DEBUG - urllib3.connectionpool - [_make_request]: https://gql.twitch.tv:443 "POST /gql HTTP/1.1" 200 205
17/03/24 15:14:52 - DEBUG - TwitchChannelPointsMiner.classes.Twitch - [post_gql_request]: Data: {'operationName': 'ReportMenuItem', 'extensions': {'persistedQuery': {'version': 1, 'sha256Hash': '8f3628981255345ca5e5453dfd844efffb01d6413a9931498836e6268692a30c'}}, 'variables': {'channelLogin': 'olofmeister'}}, Status code: 200, Content: {"data":{"requestInfo":{"countryCode":"US","__typename":"RequestInfo"},"user":{"id":"46717011","stream":null,"__typename":"User"}},"extensions":{"durationMilliseconds":39,"operationName":"ReportMenuItem","requestID":"01HS6XD2GBMWJE72QKTYD2GZ98"}}
17/03/24 15:14:52 - DEBUG - urllib3.connectionpool - [_new_conn]: Starting new HTTPS connection (1): www.twitch.tv:443
17/03/24 15:14:53 - DEBUG - urllib3.connectionpool - [_make_request]: https://www.twitch.tv:443 "GET / HTTP/1.1" 200 None
17/03/24 15:14:53 - DEBUG - TwitchChannelPointsMiner.classes.Twitch - [update_client_version]: Client version: ea2ef98f-c7d6-49fc-b8ee-7130a1ddbe6d
17/03/24 15:14:53 - DEBUG - urllib3.connectionpool - [_new_conn]: Starting new HTTPS connection (1): gql.twitch.tv:443
17/03/24 15:14:54 - DEBUG - urllib3.connectionpool - [_make_request]: https://gql.twitch.tv:443 "POST /gql HTTP/1.1" 200 202
17/03/24 15:14:54 - DEBUG - TwitchChannelPointsMiner.classes.Twitch - [post_gql_request]: Data: {'operationName': 'ReportMenuItem', 'extensions': {'persistedQuery': {'version': 1, 'sha256Hash': '8f3628981255345ca5e5453dfd844efffb01d6413a9931498836e6268692a30c'}}, 'variables': {'channelLogin': 'get_right'}}, Status code: 200, Content: {"data":{"requestInfo":{"countryCode":"US","__typename":"RequestInfo"},"user":{"id":"38024128","stream":null,"__typename":"User"}},"extensions":{"durationMilliseconds":38,"operationName":"ReportMenuItem","requestID":"01HS6XD51NK2YNM15MCRKF6M2N"}}
17/03/24 15:14:55 - DEBUG - urllib3.connectionpool - [_new_conn]: Starting new HTTPS connection (1): www.twitch.tv:443
17/03/24 15:14:56 - DEBUG - urllib3.connectionpool - [_make_request]: https://www.twitch.tv:443 "GET / HTTP/1.1" 200 None
17/03/24 15:14:56 - DEBUG - TwitchChannelPointsMiner.classes.Twitch - [update_client_version]: Client version: ea2ef98f-c7d6-49fc-b8ee-7130a1ddbe6d
17/03/24 15:14:56 - DEBUG - urllib3.connectionpool - [_new_conn]: Starting new HTTPS connection (1): gql.twitch.tv:443
17/03/24 15:14:57 - DEBUG - urllib3.connectionpool - [_make_request]: https://gql.twitch.tv:443 "POST /gql HTTP/1.1" 200 204
17/03/24 15:14:57 - DEBUG - TwitchChannelPointsMiner.classes.Twitch - [post_gql_request]: Data: {'operationName': 'ReportMenuItem', 'extensions': {'persistedQuery': {'version': 1, 'sha256Hash': '8f3628981255345ca5e5453dfd844efffb01d6413a9931498836e6268692a30c'}}, 'variables': {'channelLogin': 'haixxd'}}, Status code: 200, Content: {"data":{"requestInfo":{"countryCode":"US","__typename":"RequestInfo"},"user":{"id":"91714217","stream":null,"__typename":"User"}},"extensions":{"durationMilliseconds":41,"operationName":"ReportMenuItem","requestID":"01HS6XD7HHGRK8960G8B83Y9FV"}}
17/03/24 15:14:57 - DEBUG - urllib3.connectionpool - [_new_conn]: Starting new HTTPS connection (1): www.twitch.tv:443
17/03/24 15:14:58 - DEBUG - urllib3.connectionpool - [_make_request]: https://www.twitch.tv:443 "GET / HTTP/1.1" 200 None
17/03/24 15:14:58 - DEBUG - TwitchChannelPointsMiner.classes.Twitch - [update_client_version]: Client version: ea2ef98f-c7d6-49fc-b8ee-7130a1ddbe6d
17/03/24 15:14:58 - DEBUG - urllib3.connectionpool - [_new_conn]: Starting new HTTPS connection (1): gql.twitch.tv:443
17/03/24 15:14:59 - DEBUG - urllib3.connectionpool - [_make_request]: https://gql.twitch.tv:443 "POST /gql HTTP/1.1" 200 205
17/03/24 15:14:59 - DEBUG - TwitchChannelPointsMiner.classes.Twitch - [post_gql_request]: Data: {'operationName': 'ReportMenuItem', 'extensions': {'persistedQuery': {'version': 1, 'sha256Hash': '8f3628981255345ca5e5453dfd844efffb01d6413a9931498836e6268692a30c'}}, 'variables': {'channelLogin': 'shoxiejesuss'}}, Status code: 200, Content: {"data":{"requestInfo":{"countryCode":"US","__typename":"RequestInfo"},"user":{"id":"35332416","stream":null,"__typename":"User"}},"extensions":{"durationMilliseconds":38,"operationName":"ReportMenuItem","requestID":"01HS6XD9YG1QEBMZJRJ7JFFZ06"}}
17/03/24 15:14:59 - DEBUG - urllib3.connectionpool - [_new_conn]: Starting new HTTPS connection (1): www.twitch.tv:443
17/03/24 15:15:00 - DEBUG - urllib3.connectionpool - [_make_request]: https://www.twitch.tv:443 "GET / HTTP/1.1" 200 None
17/03/24 15:15:01 - DEBUG - TwitchChannelPointsMiner.classes.Twitch - [update_client_version]: Client version: ea2ef98f-c7d6-49fc-b8ee-7130a1ddbe6d
17/03/24 15:15:01 - DEBUG - urllib3.connectionpool - [_new_conn]: Starting new HTTPS connection (1): gql.twitch.tv:443
17/03/24 15:15:02 - DEBUG - urllib3.connectionpool - [_make_request]: https://gql.twitch.tv:443 "POST /gql HTTP/1.1" 200 205
17/03/24 15:15:02 - DEBUG - TwitchChannelPointsMiner.classes.Twitch - [post_gql_request]: Data: {'operationName': 'ReportMenuItem', 'extensions': {'persistedQuery': {'version': 1, 'sha256Hash': '8f3628981255345ca5e5453dfd844efffb01d6413a9931498836e6268692a30c'}}, 'variables': {'channelLogin': 'gunthersuper'}}, Status code: 200, Content: {"data":{"requestInfo":{"countryCode":"US","__typename":"RequestInfo"},"user":{"id":"566268700","stream":null,"__typename":"User"}},"extensions":{"durationMilliseconds":39,"operationName":"ReportMenuItem","requestID":"01HS6XDCFBVNBD6MT0QHEX2WXP"}}
17/03/24 15:15:02 - DEBUG - urllib3.connectionpool - [_new_conn]: Starting new HTTPS connection (1): www.twitch.tv:443
17/03/24 15:15:03 - DEBUG - urllib3.connectionpool - [_make_request]: https://www.twitch.tv:443 "GET / HTTP/1.1" 200 None
17/03/24 15:15:04 - DEBUG - TwitchChannelPointsMiner.classes.Twitch - [update_client_version]: Client version: ea2ef98f-c7d6-49fc-b8ee-7130a1ddbe6d
17/03/24 15:15:04 - DEBUG - urllib3.connectionpool - [_new_conn]: Starting new HTTPS connection (1): gql.twitch.tv:443
